Compiling the C compiler identification source file "CMakeCCompilerId.c" failed.
Compiler: /usr/local/bin/gcc-9 
Build flags: 
Id flags:  

The output was:
4
dyld: Library not loaded: /usr/local/opt/isl/lib/libisl.21.dylib
  Referenced from: /usr/local/Cellar/gcc/9.2.0_2/libexec/gcc/x86_64-apple-darwin18/9.2.0/cc1
  Reason: image not found
gcc-9: internal compiler error: Abort trap: 6 signal terminated program cc1
Please submit a full bug report,
with preprocessed source if appropriate.
See <https://github.com/Homebrew/homebrew-core/issues> for instructions.


Compiling the C compiler identification source file "CMakeCCompilerId.c" failed.
Compiler: /usr/local/bin/gcc-9 
Build flags: 
Id flags: -c 

The output was:
4
dyld: Library not loaded: /usr/local/opt/isl/lib/libisl.21.dylib
  Referenced from: /usr/local/Cellar/gcc/9.2.0_2/libexec/gcc/x86_64-apple-darwin18/9.2.0/cc1
  Reason: image not found
gcc-9: internal compiler error: Abort trap: 6 signal terminated program cc1
Please submit a full bug report,
with preprocessed source if appropriate.
See <https://github.com/Homebrew/homebrew-core/issues> for instructions.


Compiling the C compiler identification source file "CMakeCCompilerId.c" failed.
Compiler: /usr/local/bin/gcc-9 
Build flags: 
Id flags: -Aa 

The output was:
4
dyld: Library not loaded: /usr/local/opt/isl/lib/libisl.21.dylib
  Referenced from: /usr/local/Cellar/gcc/9.2.0_2/libexec/gcc/x86_64-apple-darwin18/9.2.0/cc1
  Reason: image not found
gcc-9: internal compiler error: Abort trap: 6 signal terminated program cc1
Please submit a full bug report,
with preprocessed source if appropriate.
See <https://github.com/Homebrew/homebrew-core/issues> for instructions.


Compiling the C compiler identification source file "CMakeCCompilerId.c" failed.
Compiler: /usr/local/bin/gcc-9 
Build flags: 
Id flags: -D__CLASSIC_C__ 

The output was:
4
dyld: Library not loaded: /usr/local/opt/isl/lib/libisl.21.dylib
  Referenced from: /usr/local/Cellar/gcc/9.2.0_2/libexec/gcc/x86_64-apple-darwin18/9.2.0/cc1
  Reason: image not found
gcc-9: internal compiler error: Abort trap: 6 signal terminated program cc1
Please submit a full bug report,
with preprocessed source if appropriate.
See <https://github.com/Homebrew/homebrew-core/issues> for instructions.


Compiling the C compiler identification source file "CMakeCCompilerId.c" failed.
Compiler: /usr/local/bin/gcc-9 
Build flags: 
Id flags: --target=arm-arm-none-eabi;-mcpu=cortex-m3 

The output was:
1
gcc-9: warning: '-mcpu=' is deprecated; use '-mtune=' or '-march=' instead
gcc-9: error: unrecognized command line option '--target=arm-arm-none-eabi'


Compiling the C compiler identification source file "CMakeCCompilerId.c" failed.
Compiler: /usr/local/bin/gcc-9 
Build flags: 
Id flags:  

The output was:
4
dyld: Library not loaded: /usr/local/opt/isl/lib/libisl.21.dylib
  Referenced from: /usr/local/Cellar/gcc/9.2.0_2/libexec/gcc/x86_64-apple-darwin18/9.2.0/cc1
  Reason: image not found
gcc-9: internal compiler error: Abort trap: 6 signal terminated program cc1
Please submit a full bug report,
with preprocessed source if appropriate.
See <https://github.com/Homebrew/homebrew-core/issues> for instructions.


Compiling the C compiler identification source file "CMakeCCompilerId.c" failed.
Compiler: /usr/local/bin/gcc-9 
Build flags: 
Id flags: -c 

The output was:
4
dyld: Library not loaded: /usr/local/opt/isl/lib/libisl.21.dylib
  Referenced from: /usr/local/Cellar/gcc/9.2.0_2/libexec/gcc/x86_64-apple-darwin18/9.2.0/cc1
  Reason: image not found
gcc-9: internal compiler error: Abort trap: 6 signal terminated program cc1
Please submit a full bug report,
with preprocessed source if appropriate.
See <https://github.com/Homebrew/homebrew-core/issues> for instructions.


Compiling the C compiler identification source file "CMakeCCompilerId.c" failed.
Compiler: /usr/local/bin/gcc-9 
Build flags: 
Id flags: -Aa 

The output was:
4
dyld: Library not loaded: /usr/local/opt/isl/lib/libisl.21.dylib
  Referenced from: /usr/local/Cellar/gcc/9.2.0_2/libexec/gcc/x86_64-apple-darwin18/9.2.0/cc1
  Reason: image not found
gcc-9: internal compiler error: Abort trap: 6 signal terminated program cc1
Please submit a full bug report,
with preprocessed source if appropriate.
See <https://github.com/Homebrew/homebrew-core/issues> for instructions.


Compiling the C compiler identification source file "CMakeCCompilerId.c" failed.
Compiler: /usr/local/bin/gcc-9 
Build flags: 
Id flags: -D__CLASSIC_C__ 

The output was:
4
dyld: Library not loaded: /usr/local/opt/isl/lib/libisl.21.dylib
  Referenced from: /usr/local/Cellar/gcc/9.2.0_2/libexec/gcc/x86_64-apple-darwin18/9.2.0/cc1
  Reason: image not found
gcc-9: internal compiler error: Abort trap: 6 signal terminated program cc1
Please submit a full bug report,
with preprocessed source if appropriate.
See <https://github.com/Homebrew/homebrew-core/issues> for instructions.


Compiling the C compiler identification source file "CMakeCCompilerId.c" failed.
Compiler: /usr/local/bin/gcc-9 
Build flags: 
Id flags: --target=arm-arm-none-eabi;-mcpu=cortex-m3 

The output was:
1
gcc-9: warning: '-mcpu=' is deprecated; use '-mtune=' or '-march=' instead
gcc-9: error: unrecognized command line option '--target=arm-arm-none-eabi'


Checking whether the C compiler is IAR using "" did not match "IAR .+ Compiler":
gcc-9: fatal error: no input files
compilation terminated.
Checking whether the C compiler is IAR using "" did not match "IAR .+ Compiler":
gcc-9: fatal error: no input files
compilation terminated.
Compiling the CXX compiler identification source file "CMakeCXXCompilerId.cpp" failed.
Compiler: /usr/local/bin/g++-9 
Build flags: 
Id flags:  

The output was:
4
dyld: Library not loaded: /usr/local/opt/isl/lib/libisl.21.dylib
  Referenced from: /usr/local/Cellar/gcc/9.2.0_2/libexec/gcc/x86_64-apple-darwin18/9.2.0/cc1plus
  Reason: image not found
g++-9: internal compiler error: Abort trap: 6 signal terminated program cc1plus
Please submit a full bug report,
with preprocessed source if appropriate.
See <https://github.com/Homebrew/homebrew-core/issues> for instructions.


Compiling the CXX compiler identification source file "CMakeCXXCompilerId.cpp" failed.
Compiler: /usr/local/bin/g++-9 
Build flags: 
Id flags: -c 

The output was:
4
dyld: Library not loaded: /usr/local/opt/isl/lib/libisl.21.dylib
  Referenced from: /usr/local/Cellar/gcc/9.2.0_2/libexec/gcc/x86_64-apple-darwin18/9.2.0/cc1plus
  Reason: image not found
g++-9: internal compiler error: Abort trap: 6 signal terminated program cc1plus
Please submit a full bug report,
with preprocessed source if appropriate.
See <https://github.com/Homebrew/homebrew-core/issues> for instructions.


Compiling the CXX compiler identification source file "CMakeCXXCompilerId.cpp" failed.
Compiler: /usr/local/bin/g++-9 
Build flags: 
Id flags: --c++ 

The output was:
1
g++-9: error: unrecognized command line option '--c++'


Compiling the CXX compiler identification source file "CMakeCXXCompilerId.cpp" failed.
Compiler: /usr/local/bin/g++-9 
Build flags: 
Id flags: --ec++ 

The output was:
1
g++-9: error: unrecognized command line option '--ec++'; did you mean '-Weffc++'?


Compiling the CXX compiler identification source file "CMakeCXXCompilerId.cpp" failed.
Compiler: /usr/local/bin/g++-9 
Build flags: 
Id flags: --target=arm-arm-none-eabi;-mcpu=cortex-m3 

The output was:
1
g++-9: warning: '-mcpu=' is deprecated; use '-mtune=' or '-march=' instead
g++-9: error: unrecognized command line option '--target=arm-arm-none-eabi'


Compiling the CXX compiler identification source file "CMakeCXXCompilerId.cpp" failed.
Compiler: /usr/local/bin/g++-9 
Build flags: 
Id flags:  

The output was:
4
dyld: Library not loaded: /usr/local/opt/isl/lib/libisl.21.dylib
  Referenced from: /usr/local/Cellar/gcc/9.2.0_2/libexec/gcc/x86_64-apple-darwin18/9.2.0/cc1plus
  Reason: image not found
g++-9: internal compiler error: Abort trap: 6 signal terminated program cc1plus
Please submit a full bug report,
with preprocessed source if appropriate.
See <https://github.com/Homebrew/homebrew-core/issues> for instructions.


Compiling the CXX compiler identification source file "CMakeCXXCompilerId.cpp" failed.
Compiler: /usr/local/bin/g++-9 
Build flags: 
Id flags: -c 

The output was:
4
dyld: Library not loaded: /usr/local/opt/isl/lib/libisl.21.dylib
  Referenced from: /usr/local/Cellar/gcc/9.2.0_2/libexec/gcc/x86_64-apple-darwin18/9.2.0/cc1plus
  Reason: image not found
g++-9: internal compiler error: Abort trap: 6 signal terminated program cc1plus
Please submit a full bug report,
with preprocessed source if appropriate.
See <https://github.com/Homebrew/homebrew-core/issues> for instructions.


Compiling the CXX compiler identification source file "CMakeCXXCompilerId.cpp" failed.
Compiler: /usr/local/bin/g++-9 
Build flags: 
Id flags: --c++ 

The output was:
1
g++-9: error: unrecognized command line option '--c++'


Compiling the CXX compiler identification source file "CMakeCXXCompilerId.cpp" failed.
Compiler: /usr/local/bin/g++-9 
Build flags: 
Id flags: --ec++ 

The output was:
1
g++-9: error: unrecognized command line option '--ec++'; did you mean '-Weffc++'?


Compiling the CXX compiler identification source file "CMakeCXXCompilerId.cpp" failed.
Compiler: /usr/local/bin/g++-9 
Build flags: 
Id flags: --target=arm-arm-none-eabi;-mcpu=cortex-m3 

The output was:
1
g++-9: warning: '-mcpu=' is deprecated; use '-mtune=' or '-march=' instead
g++-9: error: unrecognized command line option '--target=arm-arm-none-eabi'


Checking whether the CXX compiler is IAR using "" did not match "IAR .+ Compiler":
g++-9: fatal error: no input files
compilation terminated.
Checking whether the CXX compiler is IAR using "" did not match "IAR .+ Compiler":
g++-9: fatal error: no input files
compilation terminated.
Determining if the C compiler works failed with the following output:
Change Dir: /Users/jiesoul/projects/private/c_cpp_learn/src/cppl/build/CMakeFiles/CMakeTmp

Run Build Command(s):/usr/bin/make cmTC_7be0e/fast && /Applications/Xcode.app/Contents/Developer/usr/bin/make -f CMakeFiles/cmTC_7be0e.dir/build.make CMakeFiles/cmTC_7be0e.dir/build
Building C object CMakeFiles/cmTC_7be0e.dir/testCCompiler.c.o
/usr/local/bin/gcc-9    -o CMakeFiles/cmTC_7be0e.dir/testCCompiler.c.o   -c /Users/jiesoul/projects/private/c_cpp_learn/src/cppl/build/CMakeFiles/CMakeTmp/testCCompiler.c
dyld: Library not loaded: /usr/local/opt/isl/lib/libisl.21.dylib
  Referenced from: /usr/local/Cellar/gcc/9.2.0_2/libexec/gcc/x86_64-apple-darwin18/9.2.0/cc1
  Reason: image not found
gcc-9: internal compiler error: Abort trap: 6 signal terminated program cc1
Please submit a full bug report,
with preprocessed source if appropriate.
See <https://github.com/Homebrew/homebrew-core/issues> for instructions.
make[1]: *** [CMakeFiles/cmTC_7be0e.dir/testCCompiler.c.o] Error 4
make: *** [cmTC_7be0e/fast] Error 2



Compiling the C compiler identification source file "CMakeCCompilerId.c" failed.
Compiler: /usr/local/bin/gcc-9 
Build flags: 
Id flags:  

The output was:
4
dyld: Library not loaded: /usr/local/opt/isl/lib/libisl.21.dylib
  Referenced from: /usr/local/Cellar/gcc/9.2.0_2/libexec/gcc/x86_64-apple-darwin18/9.2.0/cc1
  Reason: image not found
gcc-9: internal compiler error: Abort trap: 6 signal terminated program cc1
Please submit a full bug report,
with preprocessed source if appropriate.
See <https://github.com/Homebrew/homebrew-core/issues> for instructions.


Compiling the C compiler identification source file "CMakeCCompilerId.c" failed.
Compiler: /usr/local/bin/gcc-9 
Build flags: 
Id flags: -c 

The output was:
4
dyld: Library not loaded: /usr/local/opt/isl/lib/libisl.21.dylib
  Referenced from: /usr/local/Cellar/gcc/9.2.0_2/libexec/gcc/x86_64-apple-darwin18/9.2.0/cc1
  Reason: image not found
gcc-9: internal compiler error: Abort trap: 6 signal terminated program cc1
Please submit a full bug report,
with preprocessed source if appropriate.
See <https://github.com/Homebrew/homebrew-core/issues> for instructions.


Compiling the C compiler identification source file "CMakeCCompilerId.c" failed.
Compiler: /usr/local/bin/gcc-9 
Build flags: 
Id flags: -Aa 

The output was:
4
dyld: Library not loaded: /usr/local/opt/isl/lib/libisl.21.dylib
  Referenced from: /usr/local/Cellar/gcc/9.2.0_2/libexec/gcc/x86_64-apple-darwin18/9.2.0/cc1
  Reason: image not found
gcc-9: internal compiler error: Abort trap: 6 signal terminated program cc1
Please submit a full bug report,
with preprocessed source if appropriate.
See <https://github.com/Homebrew/homebrew-core/issues> for instructions.


Compiling the C compiler identification source file "CMakeCCompilerId.c" failed.
Compiler: /usr/local/bin/gcc-9 
Build flags: 
Id flags: -D__CLASSIC_C__ 

The output was:
4
dyld: Library not loaded: /usr/local/opt/isl/lib/libisl.21.dylib
  Referenced from: /usr/local/Cellar/gcc/9.2.0_2/libexec/gcc/x86_64-apple-darwin18/9.2.0/cc1
  Reason: image not found
gcc-9: internal compiler error: Abort trap: 6 signal terminated program cc1
Please submit a full bug report,
with preprocessed source if appropriate.
See <https://github.com/Homebrew/homebrew-core/issues> for instructions.


Compiling the C compiler identification source file "CMakeCCompilerId.c" failed.
Compiler: /usr/local/bin/gcc-9 
Build flags: 
Id flags: --target=arm-arm-none-eabi;-mcpu=cortex-m3 

The output was:
1
gcc-9: warning: '-mcpu=' is deprecated; use '-mtune=' or '-march=' instead
gcc-9: error: unrecognized command line option '--target=arm-arm-none-eabi'


Compiling the C compiler identification source file "CMakeCCompilerId.c" failed.
Compiler: /usr/local/bin/gcc-9 
Build flags: 
Id flags:  

The output was:
4
dyld: Library not loaded: /usr/local/opt/isl/lib/libisl.21.dylib
  Referenced from: /usr/local/Cellar/gcc/9.2.0_2/libexec/gcc/x86_64-apple-darwin18/9.2.0/cc1
  Reason: image not found
gcc-9: internal compiler error: Abort trap: 6 signal terminated program cc1
Please submit a full bug report,
with preprocessed source if appropriate.
See <https://github.com/Homebrew/homebrew-core/issues> for instructions.


Compiling the C compiler identification source file "CMakeCCompilerId.c" failed.
Compiler: /usr/local/bin/gcc-9 
Build flags: 
Id flags: -c 

The output was:
4
dyld: Library not loaded: /usr/local/opt/isl/lib/libisl.21.dylib
  Referenced from: /usr/local/Cellar/gcc/9.2.0_2/libexec/gcc/x86_64-apple-darwin18/9.2.0/cc1
  Reason: image not found
gcc-9: internal compiler error: Abort trap: 6 signal terminated program cc1
Please submit a full bug report,
with preprocessed source if appropriate.
See <https://github.com/Homebrew/homebrew-core/issues> for instructions.


Compiling the C compiler identification source file "CMakeCCompilerId.c" failed.
Compiler: /usr/local/bin/gcc-9 
Build flags: 
Id flags: -Aa 

The output was:
4
dyld: Library not loaded: /usr/local/opt/isl/lib/libisl.21.dylib
  Referenced from: /usr/local/Cellar/gcc/9.2.0_2/libexec/gcc/x86_64-apple-darwin18/9.2.0/cc1
  Reason: image not found
gcc-9: internal compiler error: Abort trap: 6 signal terminated program cc1
Please submit a full bug report,
with preprocessed source if appropriate.
See <https://github.com/Homebrew/homebrew-core/issues> for instructions.


Compiling the C compiler identification source file "CMakeCCompilerId.c" failed.
Compiler: /usr/local/bin/gcc-9 
Build flags: 
Id flags: -D__CLASSIC_C__ 

The output was:
4
dyld: Library not loaded: /usr/local/opt/isl/lib/libisl.21.dylib
  Referenced from: /usr/local/Cellar/gcc/9.2.0_2/libexec/gcc/x86_64-apple-darwin18/9.2.0/cc1
  Reason: image not found
gcc-9: internal compiler error: Abort trap: 6 signal terminated program cc1
Please submit a full bug report,
with preprocessed source if appropriate.
See <https://github.com/Homebrew/homebrew-core/issues> for instructions.


Compiling the C compiler identification source file "CMakeCCompilerId.c" failed.
Compiler: /usr/local/bin/gcc-9 
Build flags: 
Id flags: --target=arm-arm-none-eabi;-mcpu=cortex-m3 

The output was:
1
gcc-9: warning: '-mcpu=' is deprecated; use '-mtune=' or '-march=' instead
gcc-9: error: unrecognized command line option '--target=arm-arm-none-eabi'


Checking whether the C compiler is IAR using "" did not match "IAR .+ Compiler":
gcc-9: fatal error: no input files
compilation terminated.
Checking whether the C compiler is IAR using "" did not match "IAR .+ Compiler":
gcc-9: fatal error: no input files
compilation terminated.
Compiling the CXX compiler identification source file "CMakeCXXCompilerId.cpp" failed.
Compiler: /usr/local/bin/g++-9 
Build flags: 
Id flags:  

The output was:
4
dyld: Library not loaded: /usr/local/opt/isl/lib/libisl.21.dylib
  Referenced from: /usr/local/Cellar/gcc/9.2.0_2/libexec/gcc/x86_64-apple-darwin18/9.2.0/cc1plus
  Reason: image not found
g++-9: internal compiler error: Abort trap: 6 signal terminated program cc1plus
Please submit a full bug report,
with preprocessed source if appropriate.
See <https://github.com/Homebrew/homebrew-core/issues> for instructions.


Compiling the CXX compiler identification source file "CMakeCXXCompilerId.cpp" failed.
Compiler: /usr/local/bin/g++-9 
Build flags: 
Id flags: -c 

The output was:
4
dyld: Library not loaded: /usr/local/opt/isl/lib/libisl.21.dylib
  Referenced from: /usr/local/Cellar/gcc/9.2.0_2/libexec/gcc/x86_64-apple-darwin18/9.2.0/cc1plus
  Reason: image not found
g++-9: internal compiler error: Abort trap: 6 signal terminated program cc1plus
Please submit a full bug report,
with preprocessed source if appropriate.
See <https://github.com/Homebrew/homebrew-core/issues> for instructions.


Compiling the CXX compiler identification source file "CMakeCXXCompilerId.cpp" failed.
Compiler: /usr/local/bin/g++-9 
Build flags: 
Id flags: --c++ 

The output was:
1
g++-9: error: unrecognized command line option '--c++'


Compiling the CXX compiler identification source file "CMakeCXXCompilerId.cpp" failed.
Compiler: /usr/local/bin/g++-9 
Build flags: 
Id flags: --ec++ 

The output was:
1
g++-9: error: unrecognized command line option '--ec++'; did you mean '-Weffc++'?


Compiling the CXX compiler identification source file "CMakeCXXCompilerId.cpp" failed.
Compiler: /usr/local/bin/g++-9 
Build flags: 
Id flags: --target=arm-arm-none-eabi;-mcpu=cortex-m3 

The output was:
1
g++-9: warning: '-mcpu=' is deprecated; use '-mtune=' or '-march=' instead
g++-9: error: unrecognized command line option '--target=arm-arm-none-eabi'


Compiling the CXX compiler identification source file "CMakeCXXCompilerId.cpp" failed.
Compiler: /usr/local/bin/g++-9 
Build flags: 
Id flags:  

The output was:
4
dyld: Library not loaded: /usr/local/opt/isl/lib/libisl.21.dylib
  Referenced from: /usr/local/Cellar/gcc/9.2.0_2/libexec/gcc/x86_64-apple-darwin18/9.2.0/cc1plus
  Reason: image not found
g++-9: internal compiler error: Abort trap: 6 signal terminated program cc1plus
Please submit a full bug report,
with preprocessed source if appropriate.
See <https://github.com/Homebrew/homebrew-core/issues> for instructions.


Compiling the CXX compiler identification source file "CMakeCXXCompilerId.cpp" failed.
Compiler: /usr/local/bin/g++-9 
Build flags: 
Id flags: -c 

The output was:
4
dyld: Library not loaded: /usr/local/opt/isl/lib/libisl.21.dylib
  Referenced from: /usr/local/Cellar/gcc/9.2.0_2/libexec/gcc/x86_64-apple-darwin18/9.2.0/cc1plus
  Reason: image not found
g++-9: internal compiler error: Abort trap: 6 signal terminated program cc1plus
Please submit a full bug report,
with preprocessed source if appropriate.
See <https://github.com/Homebrew/homebrew-core/issues> for instructions.


Compiling the CXX compiler identification source file "CMakeCXXCompilerId.cpp" failed.
Compiler: /usr/local/bin/g++-9 
Build flags: 
Id flags: --c++ 

The output was:
1
g++-9: error: unrecognized command line option '--c++'


Compiling the CXX compiler identification source file "CMakeCXXCompilerId.cpp" failed.
Compiler: /usr/local/bin/g++-9 
Build flags: 
Id flags: --ec++ 

The output was:
1
g++-9: error: unrecognized command line option '--ec++'; did you mean '-Weffc++'?


Compiling the CXX compiler identification source file "CMakeCXXCompilerId.cpp" failed.
Compiler: /usr/local/bin/g++-9 
Build flags: 
Id flags: --target=arm-arm-none-eabi;-mcpu=cortex-m3 

The output was:
1
g++-9: warning: '-mcpu=' is deprecated; use '-mtune=' or '-march=' instead
g++-9: error: unrecognized command line option '--target=arm-arm-none-eabi'


Checking whether the CXX compiler is IAR using "" did not match "IAR .+ Compiler":
g++-9: fatal error: no input files
compilation terminated.
Checking whether the CXX compiler is IAR using "" did not match "IAR .+ Compiler":
g++-9: fatal error: no input files
compilation terminated.
Determining if the C compiler works failed with the following output:
Change Dir: /Users/jiesoul/projects/private/c_cpp_learn/src/cppl/build/CMakeFiles/CMakeTmp

Run Build Command(s):/usr/bin/make cmTC_0f502/fast && /Applications/Xcode.app/Contents/Developer/usr/bin/make -f CMakeFiles/cmTC_0f502.dir/build.make CMakeFiles/cmTC_0f502.dir/build
Building C object CMakeFiles/cmTC_0f502.dir/testCCompiler.c.o
/usr/local/bin/gcc-9    -o CMakeFiles/cmTC_0f502.dir/testCCompiler.c.o   -c /Users/jiesoul/projects/private/c_cpp_learn/src/cppl/build/CMakeFiles/CMakeTmp/testCCompiler.c
dyld: Library not loaded: /usr/local/opt/isl/lib/libisl.21.dylib
  Referenced from: /usr/local/Cellar/gcc/9.2.0_2/libexec/gcc/x86_64-apple-darwin18/9.2.0/cc1
  Reason: image not found
gcc-9: internal compiler error: Abort trap: 6 signal terminated program cc1
Please submit a full bug report,
with preprocessed source if appropriate.
See <https://github.com/Homebrew/homebrew-core/issues> for instructions.
make[1]: *** [CMakeFiles/cmTC_0f502.dir/testCCompiler.c.o] Error 4
make: *** [cmTC_0f502/fast] Error 2



Compiling the C compiler identification source file "CMakeCCompilerId.c" failed.
Compiler: /usr/local/bin/gcc-9 
Build flags: 
Id flags:  

The output was:
4
dyld: Library not loaded: /usr/local/opt/isl/lib/libisl.21.dylib
  Referenced from: /usr/local/Cellar/gcc/9.2.0_2/libexec/gcc/x86_64-apple-darwin18/9.2.0/cc1
  Reason: image not found
gcc-9: internal compiler error: Abort trap: 6 signal terminated program cc1
Please submit a full bug report,
with preprocessed source if appropriate.
See <https://github.com/Homebrew/homebrew-core/issues> for instructions.


Compiling the C compiler identification source file "CMakeCCompilerId.c" failed.
Compiler: /usr/local/bin/gcc-9 
Build flags: 
Id flags: -c 

The output was:
4
dyld: Library not loaded: /usr/local/opt/isl/lib/libisl.21.dylib
  Referenced from: /usr/local/Cellar/gcc/9.2.0_2/libexec/gcc/x86_64-apple-darwin18/9.2.0/cc1
  Reason: image not found
gcc-9: internal compiler error: Abort trap: 6 signal terminated program cc1
Please submit a full bug report,
with preprocessed source if appropriate.
See <https://github.com/Homebrew/homebrew-core/issues> for instructions.


Compiling the C compiler identification source file "CMakeCCompilerId.c" failed.
Compiler: /usr/local/bin/gcc-9 
Build flags: 
Id flags: -Aa 

The output was:
4
dyld: Library not loaded: /usr/local/opt/isl/lib/libisl.21.dylib
  Referenced from: /usr/local/Cellar/gcc/9.2.0_2/libexec/gcc/x86_64-apple-darwin18/9.2.0/cc1
  Reason: image not found
gcc-9: internal compiler error: Abort trap: 6 signal terminated program cc1
Please submit a full bug report,
with preprocessed source if appropriate.
See <https://github.com/Homebrew/homebrew-core/issues> for instructions.


Compiling the C compiler identification source file "CMakeCCompilerId.c" failed.
Compiler: /usr/local/bin/gcc-9 
Build flags: 
Id flags: -D__CLASSIC_C__ 

The output was:
4
dyld: Library not loaded: /usr/local/opt/isl/lib/libisl.21.dylib
  Referenced from: /usr/local/Cellar/gcc/9.2.0_2/libexec/gcc/x86_64-apple-darwin18/9.2.0/cc1
  Reason: image not found
gcc-9: internal compiler error: Abort trap: 6 signal terminated program cc1
Please submit a full bug report,
with preprocessed source if appropriate.
See <https://github.com/Homebrew/homebrew-core/issues> for instructions.


Compiling the C compiler identification source file "CMakeCCompilerId.c" failed.
Compiler: /usr/local/bin/gcc-9 
Build flags: 
Id flags: --target=arm-arm-none-eabi;-mcpu=cortex-m3 

The output was:
1
gcc-9: warning: '-mcpu=' is deprecated; use '-mtune=' or '-march=' instead
gcc-9: error: unrecognized command line option '--target=arm-arm-none-eabi'


Compiling the C compiler identification source file "CMakeCCompilerId.c" failed.
Compiler: /usr/local/bin/gcc-9 
Build flags: 
Id flags:  

The output was:
4
dyld: Library not loaded: /usr/local/opt/isl/lib/libisl.21.dylib
  Referenced from: /usr/local/Cellar/gcc/9.2.0_2/libexec/gcc/x86_64-apple-darwin18/9.2.0/cc1
  Reason: image not found
gcc-9: internal compiler error: Abort trap: 6 signal terminated program cc1
Please submit a full bug report,
with preprocessed source if appropriate.
See <https://github.com/Homebrew/homebrew-core/issues> for instructions.


Compiling the C compiler identification source file "CMakeCCompilerId.c" failed.
Compiler: /usr/local/bin/gcc-9 
Build flags: 
Id flags: -c 

The output was:
4
dyld: Library not loaded: /usr/local/opt/isl/lib/libisl.21.dylib
  Referenced from: /usr/local/Cellar/gcc/9.2.0_2/libexec/gcc/x86_64-apple-darwin18/9.2.0/cc1
  Reason: image not found
gcc-9: internal compiler error: Abort trap: 6 signal terminated program cc1
Please submit a full bug report,
with preprocessed source if appropriate.
See <https://github.com/Homebrew/homebrew-core/issues> for instructions.


Compiling the C compiler identification source file "CMakeCCompilerId.c" failed.
Compiler: /usr/local/bin/gcc-9 
Build flags: 
Id flags: -Aa 

The output was:
4
dyld: Library not loaded: /usr/local/opt/isl/lib/libisl.21.dylib
  Referenced from: /usr/local/Cellar/gcc/9.2.0_2/libexec/gcc/x86_64-apple-darwin18/9.2.0/cc1
  Reason: image not found
gcc-9: internal compiler error: Abort trap: 6 signal terminated program cc1
Please submit a full bug report,
with preprocessed source if appropriate.
See <https://github.com/Homebrew/homebrew-core/issues> for instructions.


Compiling the C compiler identification source file "CMakeCCompilerId.c" failed.
Compiler: /usr/local/bin/gcc-9 
Build flags: 
Id flags: -D__CLASSIC_C__ 

The output was:
4
dyld: Library not loaded: /usr/local/opt/isl/lib/libisl.21.dylib
  Referenced from: /usr/local/Cellar/gcc/9.2.0_2/libexec/gcc/x86_64-apple-darwin18/9.2.0/cc1
  Reason: image not found
gcc-9: internal compiler error: Abort trap: 6 signal terminated program cc1
Please submit a full bug report,
with preprocessed source if appropriate.
See <https://github.com/Homebrew/homebrew-core/issues> for instructions.


Compiling the C compiler identification source file "CMakeCCompilerId.c" failed.
Compiler: /usr/local/bin/gcc-9 
Build flags: 
Id flags: --target=arm-arm-none-eabi;-mcpu=cortex-m3 

The output was:
1
gcc-9: warning: '-mcpu=' is deprecated; use '-mtune=' or '-march=' instead
gcc-9: error: unrecognized command line option '--target=arm-arm-none-eabi'


Checking whether the C compiler is IAR using "" did not match "IAR .+ Compiler":
gcc-9: fatal error: no input files
compilation terminated.
Checking whether the C compiler is IAR using "" did not match "IAR .+ Compiler":
gcc-9: fatal error: no input files
compilation terminated.
Compiling the CXX compiler identification source file "CMakeCXXCompilerId.cpp" failed.
Compiler: /usr/local/bin/g++-9 
Build flags: 
Id flags:  

The output was:
4
dyld: Library not loaded: /usr/local/opt/isl/lib/libisl.21.dylib
  Referenced from: /usr/local/Cellar/gcc/9.2.0_2/libexec/gcc/x86_64-apple-darwin18/9.2.0/cc1plus
  Reason: image not found
g++-9: internal compiler error: Abort trap: 6 signal terminated program cc1plus
Please submit a full bug report,
with preprocessed source if appropriate.
See <https://github.com/Homebrew/homebrew-core/issues> for instructions.


Compiling the CXX compiler identification source file "CMakeCXXCompilerId.cpp" failed.
Compiler: /usr/local/bin/g++-9 
Build flags: 
Id flags: -c 

The output was:
4
dyld: Library not loaded: /usr/local/opt/isl/lib/libisl.21.dylib
  Referenced from: /usr/local/Cellar/gcc/9.2.0_2/libexec/gcc/x86_64-apple-darwin18/9.2.0/cc1plus
  Reason: image not found
g++-9: internal compiler error: Abort trap: 6 signal terminated program cc1plus
Please submit a full bug report,
with preprocessed source if appropriate.
See <https://github.com/Homebrew/homebrew-core/issues> for instructions.


Compiling the CXX compiler identification source file "CMakeCXXCompilerId.cpp" failed.
Compiler: /usr/local/bin/g++-9 
Build flags: 
Id flags: --c++ 

The output was:
1
g++-9: error: unrecognized command line option '--c++'


Compiling the CXX compiler identification source file "CMakeCXXCompilerId.cpp" failed.
Compiler: /usr/local/bin/g++-9 
Build flags: 
Id flags: --ec++ 

The output was:
1
g++-9: error: unrecognized command line option '--ec++'; did you mean '-Weffc++'?


Compiling the CXX compiler identification source file "CMakeCXXCompilerId.cpp" failed.
Compiler: /usr/local/bin/g++-9 
Build flags: 
Id flags: --target=arm-arm-none-eabi;-mcpu=cortex-m3 

The output was:
1
g++-9: warning: '-mcpu=' is deprecated; use '-mtune=' or '-march=' instead
g++-9: error: unrecognized command line option '--target=arm-arm-none-eabi'


Compiling the CXX compiler identification source file "CMakeCXXCompilerId.cpp" failed.
Compiler: /usr/local/bin/g++-9 
Build flags: 
Id flags:  

The output was:
4
dyld: Library not loaded: /usr/local/opt/isl/lib/libisl.21.dylib
  Referenced from: /usr/local/Cellar/gcc/9.2.0_2/libexec/gcc/x86_64-apple-darwin18/9.2.0/cc1plus
  Reason: image not found
g++-9: internal compiler error: Abort trap: 6 signal terminated program cc1plus
Please submit a full bug report,
with preprocessed source if appropriate.
See <https://github.com/Homebrew/homebrew-core/issues> for instructions.


Compiling the CXX compiler identification source file "CMakeCXXCompilerId.cpp" failed.
Compiler: /usr/local/bin/g++-9 
Build flags: 
Id flags: -c 

The output was:
4
dyld: Library not loaded: /usr/local/opt/isl/lib/libisl.21.dylib
  Referenced from: /usr/local/Cellar/gcc/9.2.0_2/libexec/gcc/x86_64-apple-darwin18/9.2.0/cc1plus
  Reason: image not found
g++-9: internal compiler error: Abort trap: 6 signal terminated program cc1plus
Please submit a full bug report,
with preprocessed source if appropriate.
See <https://github.com/Homebrew/homebrew-core/issues> for instructions.


Compiling the CXX compiler identification source file "CMakeCXXCompilerId.cpp" failed.
Compiler: /usr/local/bin/g++-9 
Build flags: 
Id flags: --c++ 

The output was:
1
g++-9: error: unrecognized command line option '--c++'


Compiling the CXX compiler identification source file "CMakeCXXCompilerId.cpp" failed.
Compiler: /usr/local/bin/g++-9 
Build flags: 
Id flags: --ec++ 

The output was:
1
g++-9: error: unrecognized command line option '--ec++'; did you mean '-Weffc++'?


Compiling the CXX compiler identification source file "CMakeCXXCompilerId.cpp" failed.
Compiler: /usr/local/bin/g++-9 
Build flags: 
Id flags: --target=arm-arm-none-eabi;-mcpu=cortex-m3 

The output was:
1
g++-9: warning: '-mcpu=' is deprecated; use '-mtune=' or '-march=' instead
g++-9: error: unrecognized command line option '--target=arm-arm-none-eabi'


Checking whether the CXX compiler is IAR using "" did not match "IAR .+ Compiler":
g++-9: fatal error: no input files
compilation terminated.
Checking whether the CXX compiler is IAR using "" did not match "IAR .+ Compiler":
g++-9: fatal error: no input files
compilation terminated.
Determining if the C compiler works failed with the following output:
Change Dir: /Users/jiesoul/projects/private/c_cpp_learn/src/cppl/build/CMakeFiles/CMakeTmp

Run Build Command(s):/usr/bin/make cmTC_839ad/fast && /Applications/Xcode.app/Contents/Developer/usr/bin/make -f CMakeFiles/cmTC_839ad.dir/build.make CMakeFiles/cmTC_839ad.dir/build
Building C object CMakeFiles/cmTC_839ad.dir/testCCompiler.c.o
/usr/local/bin/gcc-9    -o CMakeFiles/cmTC_839ad.dir/testCCompiler.c.o   -c /Users/jiesoul/projects/private/c_cpp_learn/src/cppl/build/CMakeFiles/CMakeTmp/testCCompiler.c
dyld: Library not loaded: /usr/local/opt/isl/lib/libisl.21.dylib
  Referenced from: /usr/local/Cellar/gcc/9.2.0_2/libexec/gcc/x86_64-apple-darwin18/9.2.0/cc1
  Reason: image not found
gcc-9: internal compiler error: Abort trap: 6 signal terminated program cc1
Please submit a full bug report,
with preprocessed source if appropriate.
See <https://github.com/Homebrew/homebrew-core/issues> for instructions.
make[1]: *** [CMakeFiles/cmTC_839ad.dir/testCCompiler.c.o] Error 4
make: *** [cmTC_839ad/fast] Error 2



Compiling the C compiler identification source file "CMakeCCompilerId.c" failed.
Compiler: /usr/local/bin/gcc-9 
Build flags: 
Id flags:  

The output was:
No such file or directory


Compiling the C compiler identification source file "CMakeCCompilerId.c" failed.
Compiler: /usr/local/bin/gcc-9 
Build flags: 
Id flags: -c 

The output was:
No such file or directory


Compiling the C compiler identification source file "CMakeCCompilerId.c" failed.
Compiler: /usr/local/bin/gcc-9 
Build flags: 
Id flags: -Aa 

The output was:
No such file or directory


Compiling the C compiler identification source file "CMakeCCompilerId.c" failed.
Compiler: /usr/local/bin/gcc-9 
Build flags: 
Id flags: -D__CLASSIC_C__ 

The output was:
No such file or directory


Compiling the C compiler identification source file "CMakeCCompilerId.c" failed.
Compiler: /usr/local/bin/gcc-9 
Build flags: 
Id flags: --target=arm-arm-none-eabi;-mcpu=cortex-m3 

The output was:
No such file or directory


Compiling the C compiler identification source file "CMakeCCompilerId.c" failed.
Compiler: /usr/local/bin/gcc-9 
Build flags: 
Id flags:  

The output was:
No such file or directory


Compiling the C compiler identification source file "CMakeCCompilerId.c" failed.
Compiler: /usr/local/bin/gcc-9 
Build flags: 
Id flags: -c 

The output was:
No such file or directory


Compiling the C compiler identification source file "CMakeCCompilerId.c" failed.
Compiler: /usr/local/bin/gcc-9 
Build flags: 
Id flags: -Aa 

The output was:
No such file or directory


Compiling the C compiler identification source file "CMakeCCompilerId.c" failed.
Compiler: /usr/local/bin/gcc-9 
Build flags: 
Id flags: -D__CLASSIC_C__ 

The output was:
No such file or directory


Compiling the C compiler identification source file "CMakeCCompilerId.c" failed.
Compiler: /usr/local/bin/gcc-9 
Build flags: 
Id flags: --target=arm-arm-none-eabi;-mcpu=cortex-m3 

The output was:
No such file or directory


Checking whether the C compiler is IAR using "" did not match "IAR .+ Compiler":
Checking whether the C compiler is IAR using "" did not match "IAR .+ Compiler":
Compiling the CXX compiler identification source file "CMakeCXXCompilerId.cpp" failed.
Compiler: /usr/local/bin/g++-9 
Build flags: 
Id flags:  

The output was:
No such file or directory


Compiling the CXX compiler identification source file "CMakeCXXCompilerId.cpp" failed.
Compiler: /usr/local/bin/g++-9 
Build flags: 
Id flags: -c 

The output was:
No such file or directory


Compiling the CXX compiler identification source file "CMakeCXXCompilerId.cpp" failed.
Compiler: /usr/local/bin/g++-9 
Build flags: 
Id flags: --c++ 

The output was:
No such file or directory


Compiling the CXX compiler identification source file "CMakeCXXCompilerId.cpp" failed.
Compiler: /usr/local/bin/g++-9 
Build flags: 
Id flags: --ec++ 

The output was:
No such file or directory


Compiling the CXX compiler identification source file "CMakeCXXCompilerId.cpp" failed.
Compiler: /usr/local/bin/g++-9 
Build flags: 
Id flags: --target=arm-arm-none-eabi;-mcpu=cortex-m3 

The output was:
No such file or directory


Compiling the CXX compiler identification source file "CMakeCXXCompilerId.cpp" failed.
Compiler: /usr/local/bin/g++-9 
Build flags: 
Id flags:  

The output was:
No such file or directory


Compiling the CXX compiler identification source file "CMakeCXXCompilerId.cpp" failed.
Compiler: /usr/local/bin/g++-9 
Build flags: 
Id flags: -c 

The output was:
No such file or directory


Compiling the CXX compiler identification source file "CMakeCXXCompilerId.cpp" failed.
Compiler: /usr/local/bin/g++-9 
Build flags: 
Id flags: --c++ 

The output was:
No such file or directory


Compiling the CXX compiler identification source file "CMakeCXXCompilerId.cpp" failed.
Compiler: /usr/local/bin/g++-9 
Build flags: 
Id flags: --ec++ 

The output was:
No such file or directory


Compiling the CXX compiler identification source file "CMakeCXXCompilerId.cpp" failed.
Compiler: /usr/local/bin/g++-9 
Build flags: 
Id flags: --target=arm-arm-none-eabi;-mcpu=cortex-m3 

The output was:
No such file or directory


Checking whether the CXX compiler is IAR using "" did not match "IAR .+ Compiler":
Checking whether the CXX compiler is IAR using "" did not match "IAR .+ Compiler":
Compiling the C compiler identification source file "CMakeCCompilerId.c" failed.
Compiler: /usr/local/bin/gcc-9 
Build flags: 
Id flags:  

The output was:
No such file or directory


Compiling the C compiler identification source file "CMakeCCompilerId.c" failed.
Compiler: /usr/local/bin/gcc-9 
Build flags: 
Id flags: -c 

The output was:
No such file or directory


Compiling the C compiler identification source file "CMakeCCompilerId.c" failed.
Compiler: /usr/local/bin/gcc-9 
Build flags: 
Id flags: -Aa 

The output was:
No such file or directory


Compiling the C compiler identification source file "CMakeCCompilerId.c" failed.
Compiler: /usr/local/bin/gcc-9 
Build flags: 
Id flags: -D__CLASSIC_C__ 

The output was:
No such file or directory


Compiling the C compiler identification source file "CMakeCCompilerId.c" failed.
Compiler: /usr/local/bin/gcc-9 
Build flags: 
Id flags: --target=arm-arm-none-eabi;-mcpu=cortex-m3 

The output was:
No such file or directory


Compiling the C compiler identification source file "CMakeCCompilerId.c" failed.
Compiler: /usr/local/bin/gcc-9 
Build flags: 
Id flags:  

The output was:
No such file or directory


Compiling the C compiler identification source file "CMakeCCompilerId.c" failed.
Compiler: /usr/local/bin/gcc-9 
Build flags: 
Id flags: -c 

The output was:
No such file or directory


Compiling the C compiler identification source file "CMakeCCompilerId.c" failed.
Compiler: /usr/local/bin/gcc-9 
Build flags: 
Id flags: -Aa 

The output was:
No such file or directory


Compiling the C compiler identification source file "CMakeCCompilerId.c" failed.
Compiler: /usr/local/bin/gcc-9 
Build flags: 
Id flags: -D__CLASSIC_C__ 

The output was:
No such file or directory


Compiling the C compiler identification source file "CMakeCCompilerId.c" failed.
Compiler: /usr/local/bin/gcc-9 
Build flags: 
Id flags: --target=arm-arm-none-eabi;-mcpu=cortex-m3 

The output was:
No such file or directory


Checking whether the C compiler is IAR using "" did not match "IAR .+ Compiler":
Checking whether the C compiler is IAR using "" did not match "IAR .+ Compiler":
Compiling the CXX compiler identification source file "CMakeCXXCompilerId.cpp" failed.
Compiler: /usr/local/bin/g++-9 
Build flags: 
Id flags:  

The output was:
No such file or directory


Compiling the CXX compiler identification source file "CMakeCXXCompilerId.cpp" failed.
Compiler: /usr/local/bin/g++-9 
Build flags: 
Id flags: -c 

The output was:
No such file or directory


Compiling the CXX compiler identification source file "CMakeCXXCompilerId.cpp" failed.
Compiler: /usr/local/bin/g++-9 
Build flags: 
Id flags: --c++ 

The output was:
No such file or directory


Compiling the CXX compiler identification source file "CMakeCXXCompilerId.cpp" failed.
Compiler: /usr/local/bin/g++-9 
Build flags: 
Id flags: --ec++ 

The output was:
No such file or directory


Compiling the CXX compiler identification source file "CMakeCXXCompilerId.cpp" failed.
Compiler: /usr/local/bin/g++-9 
Build flags: 
Id flags: --target=arm-arm-none-eabi;-mcpu=cortex-m3 

The output was:
No such file or directory


Compiling the CXX compiler identification source file "CMakeCXXCompilerId.cpp" failed.
Compiler: /usr/local/bin/g++-9 
Build flags: 
Id flags:  

The output was:
No such file or directory


Compiling the CXX compiler identification source file "CMakeCXXCompilerId.cpp" failed.
Compiler: /usr/local/bin/g++-9 
Build flags: 
Id flags: -c 

The output was:
No such file or directory


Compiling the CXX compiler identification source file "CMakeCXXCompilerId.cpp" failed.
Compiler: /usr/local/bin/g++-9 
Build flags: 
Id flags: --c++ 

The output was:
No such file or directory


Compiling the CXX compiler identification source file "CMakeCXXCompilerId.cpp" failed.
Compiler: /usr/local/bin/g++-9 
Build flags: 
Id flags: --ec++ 

The output was:
No such file or directory


Compiling the CXX compiler identification source file "CMakeCXXCompilerId.cpp" failed.
Compiler: /usr/local/bin/g++-9 
Build flags: 
Id flags: --target=arm-arm-none-eabi;-mcpu=cortex-m3 

The output was:
No such file or directory


Checking whether the CXX compiler is IAR using "" did not match "IAR .+ Compiler":
Checking whether the CXX compiler is IAR using "" did not match "IAR .+ Compiler":
Compiling the C compiler identification source file "CMakeCCompilerId.c" failed.
Compiler: /usr/local/bin/gcc-9 
Build flags: 
Id flags:  

The output was:
No such file or directory


Compiling the C compiler identification source file "CMakeCCompilerId.c" failed.
Compiler: /usr/local/bin/gcc-9 
Build flags: 
Id flags: -c 

The output was:
No such file or directory


Compiling the C compiler identification source file "CMakeCCompilerId.c" failed.
Compiler: /usr/local/bin/gcc-9 
Build flags: 
Id flags: -Aa 

The output was:
No such file or directory


Compiling the C compiler identification source file "CMakeCCompilerId.c" failed.
Compiler: /usr/local/bin/gcc-9 
Build flags: 
Id flags: -D__CLASSIC_C__ 

The output was:
No such file or directory


Compiling the C compiler identification source file "CMakeCCompilerId.c" failed.
Compiler: /usr/local/bin/gcc-9 
Build flags: 
Id flags: --target=arm-arm-none-eabi;-mcpu=cortex-m3 

The output was:
No such file or directory


Compiling the C compiler identification source file "CMakeCCompilerId.c" failed.
Compiler: /usr/local/bin/gcc-9 
Build flags: 
Id flags:  

The output was:
No such file or directory


Compiling the C compiler identification source file "CMakeCCompilerId.c" failed.
Compiler: /usr/local/bin/gcc-9 
Build flags: 
Id flags: -c 

The output was:
No such file or directory


Compiling the C compiler identification source file "CMakeCCompilerId.c" failed.
Compiler: /usr/local/bin/gcc-9 
Build flags: 
Id flags: -Aa 

The output was:
No such file or directory


Compiling the C compiler identification source file "CMakeCCompilerId.c" failed.
Compiler: /usr/local/bin/gcc-9 
Build flags: 
Id flags: -D__CLASSIC_C__ 

The output was:
No such file or directory


Compiling the C compiler identification source file "CMakeCCompilerId.c" failed.
Compiler: /usr/local/bin/gcc-9 
Build flags: 
Id flags: --target=arm-arm-none-eabi;-mcpu=cortex-m3 

The output was:
No such file or directory


Checking whether the C compiler is IAR using "" did not match "IAR .+ Compiler":
Checking whether the C compiler is IAR using "" did not match "IAR .+ Compiler":
Compiling the CXX compiler identification source file "CMakeCXXCompilerId.cpp" failed.
Compiler: /usr/local/bin/g++-9 
Build flags: 
Id flags:  

The output was:
No such file or directory


Compiling the CXX compiler identification source file "CMakeCXXCompilerId.cpp" failed.
Compiler: /usr/local/bin/g++-9 
Build flags: 
Id flags: -c 

The output was:
No such file or directory


Compiling the CXX compiler identification source file "CMakeCXXCompilerId.cpp" failed.
Compiler: /usr/local/bin/g++-9 
Build flags: 
Id flags: --c++ 

The output was:
No such file or directory


Compiling the CXX compiler identification source file "CMakeCXXCompilerId.cpp" failed.
Compiler: /usr/local/bin/g++-9 
Build flags: 
Id flags: --ec++ 

The output was:
No such file or directory


Compiling the CXX compiler identification source file "CMakeCXXCompilerId.cpp" failed.
Compiler: /usr/local/bin/g++-9 
Build flags: 
Id flags: --target=arm-arm-none-eabi;-mcpu=cortex-m3 

The output was:
No such file or directory


Compiling the CXX compiler identification source file "CMakeCXXCompilerId.cpp" failed.
Compiler: /usr/local/bin/g++-9 
Build flags: 
Id flags:  

The output was:
No such file or directory


Compiling the CXX compiler identification source file "CMakeCXXCompilerId.cpp" failed.
Compiler: /usr/local/bin/g++-9 
Build flags: 
Id flags: -c 

The output was:
No such file or directory


Compiling the CXX compiler identification source file "CMakeCXXCompilerId.cpp" failed.
Compiler: /usr/local/bin/g++-9 
Build flags: 
Id flags: --c++ 

The output was:
No such file or directory


Compiling the CXX compiler identification source file "CMakeCXXCompilerId.cpp" failed.
Compiler: /usr/local/bin/g++-9 
Build flags: 
Id flags: --ec++ 

The output was:
No such file or directory


Compiling the CXX compiler identification source file "CMakeCXXCompilerId.cpp" failed.
Compiler: /usr/local/bin/g++-9 
Build flags: 
Id flags: --target=arm-arm-none-eabi;-mcpu=cortex-m3 

The output was:
No such file or directory


Checking whether the CXX compiler is IAR using "" did not match "IAR .+ Compiler":
Checking whether the CXX compiler is IAR using "" did not match "IAR .+ Compiler":
